# JRE version: OpenJDK Runtime Environment (8.0_362-b08) (build 1.8.0_362-b08)
# Java VM: OpenJDK 64-Bit Server VM (25.362-b08 mixed mode linux-amd64 compressed oops)
Heap:
 PSYoungGen      total 4890624K, used 28128K [0x00000005d1600000, 0x00000006fdd00000, 0x00000007c0000000)
  eden space 4862464K, 0% used [0x00000005d1600000,0x00000005d1600000,0x00000006fa280000)
  from space 28160K, 99% used [0x00000006fa280000,0x00000006fbdf8070,0x00000006fbe00000)
  to   space 24576K, 0% used [0x00000006fbe00000,0x00000006fbe00000,0x00000006fd600000)
 ParOldGen       total 1013248K, used 71599K [0x00000001f4200000, 0x0000000231f80000, 0x00000005d1600000)
  object space 1013248K, 7% used [0x00000001f4200000,0x00000001f87ebf90,0x0000000231f80000)
 Metaspace       used 20001K, capacity 20388K, committed 20608K, reserved 1067008K
  class space    used 2204K, capacity 2329K, committed 2432K, reserved 1048576K
GC Heap History (21 events):
Event: 3.454 GC heap before
{Heap before GC invocations=1 (full 0):
 PSYoungGen      total 443392K, used 380416K [0x00000005d1600000, 0x00000005f0480000, 0x00000007c0000000)
  eden space 380416K, 100% used [0x00000005d1600000,0x00000005e8980000,0x00000005e8980000)
  from space 62976K, 0% used [0x00000005ec700000,0x00000005ec700000,0x00000005f0480000)
  to   space 62976K, 0% used [0x00000005e8980000,0x00000005e8980000,0x00000005ec700000)
 ParOldGen       total 1013248K, used 0K [0x00000001f4200000, 0x0000000231f80000, 0x00000005d1600000)
  object space 1013248K, 0% used [0x00000001f4200000,0x00000001f4200000,0x0000000231f80000)
 Metaspace       used 19728K, capacity 20100K, committed 20224K, reserved 1067008K
  class space    used 2194K, capacity 2297K, committed 2304K, reserved 1048576K
Event: 3.486 GC heap after
Heap after GC invocations=1 (full 0):
 PSYoungGen      total 443392K, used 11408K [0x00000005d1600000, 0x00000005f0480000, 0x00000007c0000000)
  eden space 380416K, 0% used [0x00000005d1600000,0x00000005d1600000,0x00000005e8980000)
  from space 62976K, 18% used [0x00000005e8980000,0x00000005e94a4248,0x00000005ec700000)
  to   space 62976K, 0% used [0x00000005ec700000,0x00000005ec700000,0x00000005f0480000)
 ParOldGen       total 1013248K, used 24K [0x00000001f4200000, 0x0000000231f80000, 0x00000005d1600000)
  object space 1013248K, 0% used [0x00000001f4200000,0x00000001f4206000,0x0000000231f80000)
 Metaspace       used 19728K, capacity 20100K, committed 20224K, reserved 1067008K
  class space    used 2194K, capacity 2297K, committed 2304K, reserved 1048576K
}
Event: 4.406 GC heap before
{Heap before GC invocations=2 (full 0):
 PSYoungGen      total 443392K, used 386205K [0x00000005d1600000, 0x00000005f0480000, 0x00000007c0000000)
  eden space 380416K, 98% used [0x00000005d1600000,0x00000005e84034e0,0x00000005e8980000)
  from space 62976K, 18% used [0x00000005e8980000,0x00000005e94a4248,0x00000005ec700000)
  to   space 62976K, 0% used [0x00000005ec700000,0x00000005ec700000,0x00000005f0480000)
 ParOldGen       total 1013248K, used 24K [0x00000001f4200000, 0x0000000231f80000, 0x00000005d1600000)
  object space 1013248K, 0% used [0x00000001f4200000,0x00000001f4206000,0x0000000231f80000)
 Metaspace       used 19844K, capacity 20132K, committed 20352K, reserved 1067008K
  class space    used 2198K, capacity 2329K, committed 2432K, reserved 1048576K
Event: 4.448 GC heap after
Heap after GC invocations=2 (full 0):
 PSYoungGen      total 443392K, used 9807K [0x00000005d1600000, 0x0000000607800000, 0x00000007c0000000)
  eden space 380416K, 0% used [0x00000005d1600000,0x00000005d1600000,0x00000005e8980000)
  from space 62976K, 15% used [0x00000005ec700000,0x00000005ed093f10,0x00000005f0480000)
  to   space 62976K, 0% used [0x00000005e8980000,0x00000005e8980000,0x00000005ec700000)
 ParOldGen       total 1013248K, used 32K [0x00000001f4200000, 0x0000000231f80000, 0x00000005d1600000)
  object space 1013248K, 0% used [0x00000001f4200000,0x00000001f4208000,0x0000000231f80000)
 Metaspace       used 19844K, capacity 20132K, committed 20352K, reserved 1067008K
  class space    used 2198K, capacity 2329K, committed 2432K, reserved 1048576K
}
Event: 5.395 GC heap before
{Heap before GC invocations=3 (full 0):
 PSYoungGen      total 443392K, used 385383K [0x00000005d1600000, 0x0000000607800000, 0x00000007c0000000)
  eden space 380416K, 98% used [0x00000005d1600000,0x00000005e84c5f78,0x00000005e8980000)
  from space 62976K, 15% used [0x00000005ec700000,0x00000005ed093f10,0x00000005f0480000)
  to   space 62976K, 0% used [0x00000005e8980000,0x00000005e8980000,0x00000005ec700000)
 ParOldGen       total 1013248K, used 32K [0x00000001f4200000, 0x0000000231f80000, 0x00000005d1600000)
  object space 1013248K, 0% used [0x00000001f4200000,0x00000001f4208000,0x0000000231f80000)
 Metaspace       used 19846K, capacity 20132K, committed 20352K, reserved 1067008K
  class space    used 2198K, capacity 2329K, committed 2432K, reserved 1048576K
Event: 5.441 GC heap after
Heap after GC invocations=3 (full 0):
 PSYoungGen      total 443392K, used 11102K [0x00000005d1600000, 0x0000000607800000, 0x00000007c0000000)
  eden space 380416K, 0% used [0x00000005d1600000,0x00000005d1600000,0x00000005e8980000)
  from space 62976K, 17% used [0x00000005e8980000,0x00000005e94579c8,0x00000005ec700000)
  to   space 62976K, 0% used [0x0000000603a80000,0x0000000603a80000,0x0000000607800000)
 ParOldGen       total 1013248K, used 40K [0x00000001f4200000, 0x0000000231f80000, 0x00000005d1600000)
  object space 1013248K, 0% used [0x00000001f4200000,0x00000001f420a000,0x0000000231f80000)
 Metaspace       used 19846K, capacity 20132K, committed 20352K, reserved 1067008K
  class space    used 2198K, capacity 2329K, committed 2432K, reserved 1048576K
}
Event: 6.303 GC heap before
{Heap before GC invocations=4 (full 0):
 PSYoungGen      total 443392K, used 386911K [0x00000005d1600000, 0x0000000607800000, 0x00000007c0000000)
  eden space 380416K, 98% used [0x00000005d1600000,0x00000005e8500478,0x00000005e8980000)
  from space 62976K, 17% used [0x00000005e8980000,0x00000005e94579c8,0x00000005ec700000)
  to   space 62976K, 0% used [0x0000000603a80000,0x0000000603a80000,0x0000000607800000)
 ParOldGen       total 1013248K, used 40K [0x00000001f4200000, 0x0000000231f80000, 0x00000005d1600000)
  object space 1013248K, 0% used [0x00000001f4200000,0x00000001f420a000,0x0000000231f80000)
 Metaspace       used 19847K, capacity 20132K, committed 20352K, reserved 1067008K
  class space    used 2198K, capacity 2329K, committed 2432K, reserved 1048576K
Event: 6.332 GC heap after
Heap after GC invocations=4 (full 0):
 PSYoungGen      total 823808K, used 11095K [0x00000005d1600000, 0x0000000607800000, 0x00000007c0000000)
  eden space 760832K, 0% used [0x00000005d1600000,0x00000005d1600000,0x00000005ffd00000)
  from space 62976K, 17% used [0x0000000603a80000,0x0000000604555d78,0x0000000607800000)
  to   space 62976K, 0% used [0x00000005ffd00000,0x00000005ffd00000,0x0000000603a80000)
 ParOldGen       total 1013248K, used 48K [0x00000001f4200000, 0x0000000231f80000, 0x00000005d1600000)
  object space 1013248K, 0% used [0x00000001f4200000,0x00000001f420c000,0x0000000231f80000)
 Metaspace       used 19847K, capacity 20132K, committed 20352K, reserved 1067008K
  class space    used 2198K, capacity 2329K, committed 2432K, reserved 1048576K
}
Event: 8.601 GC heap before
{Heap before GC invocations=5 (full 0):
 PSYoungGen      total 823808K, used 769444K [0x00000005d1600000, 0x0000000607800000, 0x00000007c0000000)
  eden space 760832K, 99% used [0x00000005d1600000,0x00000005ffa935a0,0x00000005ffd00000)
  from space 62976K, 17% used [0x0000000603a80000,0x0000000604555d78,0x0000000607800000)
  to   space 62976K, 0% used [0x00000005ffd00000,0x00000005ffd00000,0x0000000603a80000)
 ParOldGen       total 1013248K, used 48K [0x00000001f4200000, 0x0000000231f80000, 0x00000005d1600000)
  object space 1013248K, 0% used [0x00000001f4200000,0x00000001f420c000,0x0000000231f80000)
 Metaspace       used 19847K, capacity 20132K, committed 20352K, reserved 1067008K
  class space    used 2198K, capacity 2329K, committed 2432K, reserved 1048576K
Event: 8.658 GC heap after
Heap after GC invocations=5 (full 0):
 PSYoungGen      total 823808K, used 14327K [0x00000005d1600000, 0x0000000630000000, 0x00000007c0000000)
  eden space 760832K, 0% used [0x00000005d1600000,0x00000005d1600000,0x00000005ffd00000)
  from space 62976K, 22% used [0x00000005ffd00000,0x0000000600afdd78,0x0000000603a80000)
  to   space 14336K, 0% used [0x000000062f200000,0x000000062f200000,0x0000000630000000)
 ParOldGen       total 1013248K, used 56K [0x00000001f4200000, 0x0000000231f80000, 0x00000005d1600000)
  object space 1013248K, 0% used [0x00000001f4200000,0x00000001f420e000,0x0000000231f80000)
 Metaspace       used 19847K, capacity 20132K, committed 20352K, reserved 1067008K
  class space    used 2198K, capacity 2329K, committed 2432K, reserved 1048576K
}
Event: 10.367 GC heap before
{Heap before GC invocations=6 (full 0):
 PSYoungGen      total 823808K, used 772850K [0x00000005d1600000, 0x0000000630000000, 0x00000007c0000000)
  eden space 760832K, 99% used [0x00000005d1600000,0x00000005ffabed00,0x00000005ffd00000)
  from space 62976K, 22% used [0x00000005ffd00000,0x0000000600afdd78,0x0000000603a80000)
  to   space 14336K, 0% used [0x000000062f200000,0x000000062f200000,0x0000000630000000)
 ParOldGen       total 1013248K, used 56K [0x00000001f4200000, 0x0000000231f80000, 0x00000005d1600000)
  object space 1013248K, 0% used [0x00000001f4200000,0x00000001f420e000,0x0000000231f80000)
 Metaspace       used 19847K, capacity 20132K, committed 20352K, reserved 1067008K
  class space    used 2198K, capacity 2329K, committed 2432K, reserved 1048576K
Event: 10.426 GC heap after
Heap after GC invocations=6 (full 0):
 PSYoungGen      total 1534976K, used 14334K [0x00000005d1600000, 0x0000000630200000, 0x00000007c0000000)
  eden space 1520640K, 0% used [0x00000005d1600000,0x00000005d1600000,0x000000062e300000)
  from space 14336K, 99% used [0x000000062f200000,0x000000062ffff9e8,0x0000000630000000)
  to   space 15360K, 0% used [0x000000062e300000,0x000000062e300000,0x000000062f200000)
 ParOldGen       total 1013248K, used 64K [0x00000001f4200000, 0x0000000231f80000, 0x00000005d1600000)
  object space 1013248K, 0% used [0x00000001f4200000,0x00000001f4210000,0x0000000231f80000)
 Metaspace       used 19847K, capacity 20132K, committed 20352K, reserved 1067008K
  class space    used 2198K, capacity 2329K, committed 2432K, reserved 1048576K
}
Event: 14.086 GC heap before
{Heap before GC invocations=7 (full 0):
 PSYoungGen      total 1534976K, used 1528171K [0x00000005d1600000, 0x0000000630200000, 0x00000007c0000000)
  eden space 1520640K, 99% used [0x00000005d1600000,0x000000062dc5b370,0x000000062e300000)
  from space 14336K, 99% used [0x000000062f200000,0x000000062ffff9e8,0x0000000630000000)
  to   space 15360K, 0% used [0x000000062e300000,0x000000062e300000,0x000000062f200000)
 ParOldGen       total 1013248K, used 64K [0x00000001f4200000, 0x0000000231f80000, 0x00000005d1600000)
  object space 1013248K, 0% used [0x00000001f4200000,0x00000001f4210000,0x0000000231f80000)
 Metaspace       used 19848K, capacity 20132K, committed 20352K, reserved 1067008K
  class space    used 2198K, capacity 2329K, committed 2432K, reserved 1048576K
Event: 14.206 GC heap after
Heap after GC invocations=7 (full 0):
 PSYoungGen      total 1536000K, used 13408K [0x00000005d1600000, 0x000000068cf00000, 0x00000007c0000000)
  eden space 1520640K, 0% used [0x00000005d1600000,0x00000005d1600000,0x000000062e300000)
  from space 15360K, 87% used [0x000000062e300000,0x000000062f018000,0x000000062f200000)
  to   space 15872K, 0% used [0x000000068bf80000,0x000000068bf80000,0x000000068cf00000)
 ParOldGen       total 1013248K, used 7590K [0x00000001f4200000, 0x0000000231f80000, 0x00000005d1600000)
  object space 1013248K, 0% used [0x00000001f4200000,0x00000001f4969a78,0x0000000231f80000)
 Metaspace       used 19848K, capacity 20132K, committed 20352K, reserved 1067008K
  class space    used 2198K, capacity 2329K, committed 2432K, reserved 1048576K
}
Event: 17.439 GC heap before
{Heap before GC invocations=8 (full 0):
 PSYoungGen      total 1536000K, used 1534048K [0x00000005d1600000, 0x000000068cf00000, 0x00000007c0000000)
  eden space 1520640K, 100% used [0x00000005d1600000,0x000000062e300000,0x000000062e300000)
  from space 15360K, 87% used [0x000000062e300000,0x000000062f018000,0x000000062f200000)
  to   space 15872K, 0% used [0x000000068bf80000,0x000000068bf80000,0x000000068cf00000)
 ParOldGen       total 1013248K, used 7590K [0x00000001f4200000, 0x0000000231f80000, 0x00000005d1600000)
  object space 1013248K, 0% used [0x00000001f4200000,0x00000001f4969a78,0x0000000231f80000)
 Metaspace       used 19848K, capacity 20132K, committed 20352K, reserved 1067008K
  class space    used 2198K, capacity 2329K, committed 2432K, reserved 1048576K
Event: 17.617 GC heap after
Heap after GC invocations=8 (full 0):
 PSYoungGen      total 3057152K, used 13472K [0x00000005d1600000, 0x000000068cf00000, 0x00000007c0000000)
  eden space 3041280K, 0% used [0x00000005d1600000,0x00000005d1600000,0x000000068b000000)
  from space 15872K, 84% used [0x000000068bf80000,0x000000068cca8000,0x000000068cf00000)
  to   space 15872K, 0% used [0x000000068b000000,0x000000068b000000,0x000000068bf80000)
 ParOldGen       total 1013248K, used 7590K [0x00000001f4200000, 0x0000000231f80000, 0x00000005d1600000)
  object space 1013248K, 0% used [0x00000001f4200000,0x00000001f4969a78,0x0000000231f80000)
 Metaspace       used 19848K, capacity 20132K, committed 20352K, reserved 1067008K
  class space    used 2198K, capacity 2329K, committed 2432K, reserved 1048576K
}
Event: 25.430 GC heap before
{Heap before GC invocations=9 (full 0):
 PSYoungGen      total 3057152K, used 3050892K [0x00000005d1600000, 0x000000068cf00000, 0x00000007c0000000)
  eden space 3041280K, 99% used [0x00000005d1600000,0x000000068ac3b290,0x000000068b000000)
  from space 15872K, 84% used [0x000000068bf80000,0x000000068cca8000,0x000000068cf00000)
  to   space 15872K, 0% used [0x000000068b000000,0x000000068b000000,0x000000068bf80000)
 ParOldGen       total 1013248K, used 7590K [0x00000001f4200000, 0x0000000231f80000, 0x00000005d1600000)
  object space 1013248K, 0% used [0x00000001f4200000,0x00000001f4969a78,0x0000000231f80000)
 Metaspace       used 19849K, capacity 20132K, committed 20352K, reserved 1067008K
  class space    used 2198K, capacity 2329K, committed 2432K, reserved 1048576K
Event: 25.672 GC heap after
Heap after GC invocations=9 (full 0):
 PSYoungGen      total 3057152K, used 15872K [0x00000005d1600000, 0x00000006fd600000, 0x00000007c0000000)
  eden space 3041280K, 0% used [0x00000005d1600000,0x00000005d1600000,0x000000068b000000)
  from space 15872K, 100% used [0x000000068b000000,0x000000068bf80000,0x000000068bf80000)
  to   space 24576K, 0% used [0x00000006fbe00000,0x00000006fbe00000,0x00000006fd600000)
 ParOldGen       total 1013248K, used 26902K [0x00000001f4200000, 0x0000000231f80000, 0x00000005d1600000)
  object space 1013248K, 2% used [0x00000001f4200000,0x00000001f5c45a78,0x0000000231f80000)
 Metaspace       used 19849K, capacity 20132K, committed 20352K, reserved 1067008K
  class space    used 2198K, capacity 2329K, committed 2432K, reserved 1048576K
}
Event: 31.669 GC heap before
{Heap before GC invocations=10 (full 0):
 PSYoungGen      total 3057152K, used 3057152K [0x00000005d1600000, 0x00000006fd600000, 0x00000007c0000000)
  eden space 3041280K, 100% used [0x00000005d1600000,0x000000068b000000,0x000000068b000000)
  from space 15872K, 100% used [0x000000068b000000,0x000000068bf80000,0x000000068bf80000)
  to   space 24576K, 0% used [0x00000006fbe00000,0x00000006fbe00000,0x00000006fd600000)
 ParOldGen       total 1013248K, used 26902K [0x00000001f4200000, 0x0000000231f80000, 0x00000005d1600000)
  object space 1013248K, 2% used [0x00000001f4200000,0x00000001f5c45a78,0x0000000231f80000)
 Metaspace       used 19849K, capacity 20132K, committed 20352K, reserved 1067008K
  class space    used 2198K, capacity 2329K, committed 2432K, reserved 1048576K
Event: 31.895 GC heap after
Heap after GC invocations=10 (full 0):
 PSYoungGen      total 4887040K, used 24576K [0x00000005d1600000, 0x00000006fdd00000, 0x00000007c0000000)
  eden space 4862464K, 0% used [0x00000005d1600000,0x00000005d1600000,0x00000006fa280000)
  from space 24576K, 100% used [0x00000006fbe00000,0x00000006fd600000,0x00000006fd600000)
  to   space 28160K, 0% used [0x00000006fa280000,0x00000006fa280000,0x00000006fbe00000)
 ParOldGen       total 1013248K, used 28558K [0x00000001f4200000, 0x0000000231f80000, 0x00000005d1600000)
  object space 1013248K, 2% used [0x00000001f4200000,0x00000001f5de3a78,0x0000000231f80000)
 Metaspace       used 19849K, capacity 20132K, committed 20352K, reserved 1067008K
  class space    used 2198K, capacity 2329K, committed 2432K, reserved 1048576K
}
Event: 49.587 GC heap before
{Heap before GC invocations=11 (full 0):
 PSYoungGen      total 4887040K, used 4887040K [0x00000005d1600000, 0x00000006fdd00000, 0x00000007c0000000)
  eden space 4862464K, 100% used [0x00000005d1600000,0x00000006fa280000,0x00000006fa280000)
  from space 24576K, 100% used [0x00000006fbe00000,0x00000006fd600000,0x00000006fd600000)
  to   space 28160K, 0% used [0x00000006fa280000,0x00000006fa280000,0x00000006fbe00000)
 ParOldGen       total 1013248K, used 28558K [0x00000001f4200000, 0x0000000231f80000, 0x00000005d1600000)
  object space 1013248K, 2% used [0x00000001f4200000,0x00000001f5de3a78,0x0000000231f80000)
 Metaspace       used 20001K, capacity 20388K, committed 20608K, reserved 1067008K
  class space    used 2204K, capacity 2329K, committed 2432K, reserved 1048576K

